Flow report for Maquina_de_vendas
Wed Jun 16 18:58:26 2021
Quartus Prime Version 20.1.1 Build 720 11/11/2020 SJ Lite Edition


---------------------
; Table of Contents ;
---------------------
  1. Legal Notice
  2. Flow Summary
  3. Flow Settings
  4. Flow Non-Default Global Settings
  5. Flow Elapsed Time
  6. Flow OS Summary
  7. Flow Log
  8. Flow Messages
  9. Flow Suppressed Messages



----------------
; Legal Notice ;
----------------
Copyright (C) 2020  Intel Corporation. All rights reserved.
Your use of Intel Corporation's design tools, logic functions 
and other software and tools, and any partner logic 
functions, and any output files from any of the foregoing 
(including device programming or simulation files), and any 
associated documentation or information are expressly subject 
to the terms and conditions of the Intel Program License 
Subscription Agreement, the Intel Quartus Prime License Agreement,
the Intel FPGA IP License Agreement, or other applicable license
agreement, including, without limitation, that your use is for
the sole purpose of programming logic devices manufactured by
Intel and sold by Intel or its authorized distributors.  Please
refer to the applicable agreement for further details, at
https://fpgasoftware.intel.com/eula.



+---------------------------------------------------------------------+
; Flow Summary                                                        ;
+-----------------------+---------------------------------------------+
; Flow Status           ; Successful - Wed Jun 16 18:58:26 2021       ;
; Quartus Prime Version ; 20.1.1 Build 720 11/11/2020 SJ Lite Edition ;
; Revision Name         ; Maquina_de_vendas                           ;
; Top-level Entity Name ; reg_fim                                     ;
; Family                ; MAX II                                      ;
; Device                ; EPM240T100C5                                ;
; Timing Models         ; Final                                       ;
; Total logic elements  ; 4 / 240 ( 2 % )                             ;
; Total pins            ; 4 / 80 ( 5 % )                              ;
; Total virtual pins    ; 0                                           ;
; UFM blocks            ; 0 / 1 ( 0 % )                               ;
+-----------------------+---------------------------------------------+


+-----------------------------------------+
; Flow Settings                           ;
+-------------------+---------------------+
; Option            ; Setting             ;
+-------------------+---------------------+
; Start date & time ; 06/16/2021 18:54:50 ;
; Main task         ; Compilation         ;
; Revision Name     ; Maquina_de_vendas   ;
+-------------------+---------------------+


+------------------------------------------------------------------------------------------------------------------------+
; Flow Non-Default Global Settings                                                                                       ;
+---------------------------------------+---------------------------------+-------------------+-------------+------------+
; Assignment Name                       ; Value                           ; Default Value     ; Entity Name ; Section Id ;
+---------------------------------------+---------------------------------+-------------------+-------------+------------+
; COMPILER_SIGNATURE_ID                 ; 167690719690437.162388049012160 ; --                ; --          ; --         ;
; MAX_CORE_JUNCTION_TEMP                ; 85                              ; --                ; --          ; --         ;
; MIN_CORE_JUNCTION_TEMP                ; 0                               ; --                ; --          ; --         ;
; POWER_EXT_SUPPLY_VOLTAGE_TO_REGULATOR ; 3.3V                            ; --                ; --          ; --         ;
; POWER_PRESET_COOLING_SOLUTION         ; No Heat Sink With Still Air     ; --                ; --          ; --         ;
; PROJECT_OUTPUT_DIRECTORY              ; output_files                    ; --                ; --          ; --         ;
; TOP_LEVEL_ENTITY                      ; reg_fim                         ; Maquina_de_vendas ; --          ; --         ;
+---------------------------------------+---------------------------------+-------------------+-------------+------------+


+--------------------------------------------------------------------------------------------------------------------------+
; Flow Elapsed Time                                                                                                        ;
+----------------------+--------------+-------------------------+---------------------+------------------------------------+
; Module Name          ; Elapsed Time ; Average Processors Used ; Peak Virtual Memory ; Total CPU Time (on all processors) ;
+----------------------+--------------+-------------------------+---------------------+------------------------------------+
; Analysis & Synthesis ; 00:00:11     ; 1.0                     ; 4699 MB             ; 00:00:27                           ;
; Fitter               ; 00:00:01     ; 1.0                     ; 5071 MB             ; 00:00:01                           ;
; Assembler            ; 00:00:01     ; 1.0                     ; 4657 MB             ; 00:00:00                           ;
; Timing Analyzer      ; 00:00:01     ; 1.0                     ; 4657 MB             ; 00:00:01                           ;
; EDA Netlist Writer   ; 00:00:00     ; 1.0                     ; 4606 MB             ; 00:00:01                           ;
; EDA Netlist Writer   ; 00:00:00     ; 1.0                     ; 4611 MB             ; 00:00:01                           ;
; Total                ; 00:00:14     ; --                      ; --                  ; 00:00:31                           ;
+----------------------+--------------+-------------------------+---------------------+------------------------------------+


+------------------------------------------------------------------------------------+
; Flow OS Summary                                                                    ;
+----------------------+------------------+------------+------------+----------------+
; Module Name          ; Machine Hostname ; OS Name    ; OS Version ; Processor type ;
+----------------------+------------------+------------+------------+----------------+
; Analysis & Synthesis ; LAPTOP-7BRUA0II  ; Windows 10 ; 10.0       ; x86_64         ;
; Fitter               ; LAPTOP-7BRUA0II  ; Windows 10 ; 10.0       ; x86_64         ;
; Assembler            ; LAPTOP-7BRUA0II  ; Windows 10 ; 10.0       ; x86_64         ;
; Timing Analyzer      ; LAPTOP-7BRUA0II  ; Windows 10 ; 10.0       ; x86_64         ;
; EDA Netlist Writer   ; LAPTOP-7BRUA0II  ; Windows 10 ; 10.0       ; x86_64         ;
; EDA Netlist Writer   ; LAPTOP-7BRUA0II  ; Windows 10 ; 10.0       ; x86_64         ;
+----------------------+------------------+------------+------------+----------------+


------------
; Flow Log ;
------------
quartus_map --read_settings_files=on --write_settings_files=off Maquina_de_vendas -c Maquina_de_vendas
quartus_fit --read_settings_files=off --write_settings_files=off Maquina_de_vendas -c Maquina_de_vendas
quartus_asm --read_settings_files=off --write_settings_files=off Maquina_de_vendas -c Maquina_de_vendas
quartus_sta Maquina_de_vendas -c Maquina_de_vendas
quartus_eda --gen_testbench --tool=modelsim_oem --format=verilog --write_settings_files=off Maquina_de_vendas -c Maquina_de_vendas --vector_source=C:/Users/A/OneDrive/Documentos/GitHub/Maquina_de_vendas/Waveform_fim.vwf --testbench_file=C:/Users/A/OneDrive/Documentos/GitHub/Maquina_de_vendas/simulation/qsim/Waveform_fim.vwf.vt
quartus_eda --write_settings_files=off --simulation=on --functional=on --flatten_buses=off --tool=modelsim_oem --format=verilog --output_directory=C:/Users/A/OneDrive/Documentos/GitHub/Maquina_de_vendas/simulation/qsim/ Maquina_de_vendas -c Maquina_de_vendas



